Performing C SOURCE FILE Test CMAKE_HAVE_LIBC_PTHREAD failed with the following output:
Change Dir: /users/oahmed4/Strongly-Consistent-FS/cmake/build/CMakeFiles/CMakeTmp

Run Build Command(s):/usr/bin/make cmTC_5f309/fast && /usr/bin/make  -f CMakeFiles/cmTC_5f309.dir/build.make CMakeFiles/cmTC_5f309.dir/build
make[1]: Entering directory '/users/oahmed4/Strongly-Consistent-FS/cmake/build/CMakeFiles/CMakeTmp'
Building C object CMakeFiles/cmTC_5f309.dir/src.c.o
/usr/bin/cc -DCMAKE_HAVE_LIBC_PTHREAD   -o CMakeFiles/cmTC_5f309.dir/src.c.o -c /users/oahmed4/Strongly-Consistent-FS/cmake/build/CMakeFiles/CMakeTmp/src.c
Linking C executable cmTC_5f309
/users/oahmed4/.local/bin/cmake -E cmake_link_script CMakeFiles/cmTC_5f309.dir/link.txt --verbose=1
/usr/bin/cc CMakeFiles/cmTC_5f309.dir/src.c.o -o cmTC_5f309 
CMakeFiles/cmTC_5f309.dir/src.c.o: In function `main':
src.c:(.text+0x3e): undefined reference to `pthread_create'
src.c:(.text+0x4a): undefined reference to `pthread_detach'
src.c:(.text+0x56): undefined reference to `pthread_cancel'
src.c:(.text+0x67): undefined reference to `pthread_join'
src.c:(.text+0x7b): undefined reference to `pthread_atfork'
collect2: error: ld returned 1 exit status
CMakeFiles/cmTC_5f309.dir/build.make:105: recipe for target 'cmTC_5f309' failed
make[1]: *** [cmTC_5f309] Error 1
make[1]: Leaving directory '/users/oahmed4/Strongly-Consistent-FS/cmake/build/CMakeFiles/CMakeTmp'
Makefile:140: recipe for target 'cmTC_5f309/fast' failed
make: *** [cmTC_5f309/fast] Error 2


Source file was:
#include <pthread.h>

static void* test_func(void* data)
{
  return data;
}

int main(void)
{
  pthread_t thread;
  pthread_create(&thread, NULL, test_func, NULL);
  pthread_detach(thread);
  pthread_cancel(thread);
  pthread_join(thread, NULL);
  pthread_atfork(NULL, NULL, NULL);
  pthread_exit(NULL);

  return 0;
}

Determining if the function pthread_create exists in the pthreads failed with the following output:
Change Dir: /users/oahmed4/Strongly-Consistent-FS/cmake/build/CMakeFiles/CMakeTmp

Run Build Command(s):/usr/bin/make cmTC_00ab1/fast && /usr/bin/make  -f CMakeFiles/cmTC_00ab1.dir/build.make CMakeFiles/cmTC_00ab1.dir/build
make[1]: Entering directory '/users/oahmed4/Strongly-Consistent-FS/cmake/build/CMakeFiles/CMakeTmp'
Building C object CMakeFiles/cmTC_00ab1.dir/CheckFunctionExists.c.o
/usr/bin/cc   -DCHECK_FUNCTION_EXISTS=pthread_create -o CMakeFiles/cmTC_00ab1.dir/CheckFunctionExists.c.o -c /users/oahmed4/.local/share/cmake-3.19/Modules/CheckFunctionExists.c
Linking C executable cmTC_00ab1
/users/oahmed4/.local/bin/cmake -E cmake_link_script CMakeFiles/cmTC_00ab1.dir/link.txt --verbose=1
/usr/bin/cc  -DCHECK_FUNCTION_EXISTS=pthread_create CMakeFiles/cmTC_00ab1.dir/CheckFunctionExists.c.o -o cmTC_00ab1  -lpthreads 
/usr/bin/ld: cannot find -lpthreads
collect2: error: ld returned 1 exit status
CMakeFiles/cmTC_00ab1.dir/build.make:105: recipe for target 'cmTC_00ab1' failed
make[1]: *** [cmTC_00ab1] Error 1
make[1]: Leaving directory '/users/oahmed4/Strongly-Consistent-FS/cmake/build/CMakeFiles/CMakeTmp'
Makefile:140: recipe for target 'cmTC_00ab1/fast' failed
make: *** [cmTC_00ab1/fast] Error 2



